<?xml version="1.0" encoding="UTF-8"?>
<!-- Generated by org.testng.reporters.JUnitReportReporter -->
<testsuite hostname="BLLT-5CD112M01J" failures="0" tests="4" name="testRunner.Runner" time="245.907" errors="2" timestamp="10 Sep 2024 19:01:48 GMT" skipped="0">
  <testcase classname="testRunner.Runner" name="runScenario" time="81.225">
    <error message="element click intercepted: Element &lt;div role=&quot;button&quot; aria-label=&quot;Watch now&quot; tabindex=&quot;-1&quot; title=&quot;Watch now&quot; class=&quot;adsOverlayClick--1eVwk persistent--Pt2B3&quot; data-testid=&quot;OverlayClick&quot; data-csa-c-action=&quot;ingress&quot; data-csa-c-type=&quot;action&quot; data-csa-c-channel=&quot;Sonali&#039;s Recipes&quot; data-csa-c-title=&quot;Space Saving Home Storage &amp;amp; Organizers Under ₹500&quot; data-csa-c-id=&quot;s2ylzf-b0liz0-b05zxx-cfksij&quot;&gt;&lt;/div&gt; is not clickable at point (247, 375). Other element would receive the click: &lt;span&gt;...&lt;/span&gt;
  (Session info: chrome=128.0.6613.120)
Build info: version: &#039;3.141.59&#039;, revision: &#039;e82be7d358&#039;, time: &#039;2018-11-14T08:17:03&#039;
System info: host: &#039;BLLT-5CD112M01J&#039;, ip: &#039;192.168.16.67&#039;, os.name: &#039;Windows 10&#039;, os.arch: &#039;amd64&#039;, os.version: &#039;10.0&#039;, java.version: &#039;17.0.2&#039;
Driver info: org.openqa.selenium.chrome.ChromeDriver
Capabilities {acceptInsecureCerts: false, browserName: chrome, browserVersion: 128.0.6613.120, chrome: {chromedriverVersion: 128.0.6613.84 (606aa55c7d68..., userDataDir: C:\Users\RBCF3~1.PAV\AppDat...}, fedcm:accounts: true, goog:chromeOptions: {debuggerAddress: localhost:56453}, javascriptEnabled: true, networkConnectionEnabled: false, pageLoadStrategy: normal, platform: WINDOWS, platformName: WINDOWS, proxy: Proxy(), setWindowRect: true, strictFileInteractability: false, timeouts: {implicit: 0, pageLoad: 300000, script: 30000}, unhandledPromptBehavior: dismiss and notify, webauthn:extension:credBlob: true, webauthn:extension:largeBlob: true, webauthn:extension:minPinLength: true, webauthn:extension:prf: true, webauthn:virtualAuthenticators: true}
Session ID: 92bc7385e8a7b08c83d65d847aa26bb4" type="org.openqa.selenium.ElementClickInterceptedException">
      <![CDATA[org.openqa.selenium.ElementClickInterceptedException: element click intercepted: Element <div role="button" aria-label="Watch now" tabindex="-1" title="Watch now" class="adsOverlayClick--1eVwk persistent--Pt2B3" data-testid="OverlayClick" data-csa-c-action="ingress" data-csa-c-type="action" data-csa-c-channel="Sonali's Recipes" data-csa-c-title="Space Saving Home Storage &amp; Organizers Under ₹500" data-csa-c-id="s2ylzf-b0liz0-b05zxx-cfksij"></div> is not clickable at point (247, 375). Other element would receive the click: <span>...</span>
  (Session info: chrome=128.0.6613.120)
Build info: version: '3.141.59', revision: 'e82be7d358', time: '2018-11-14T08:17:03'
System info: host: 'BLLT-5CD112M01J', ip: '192.168.16.67', os.name: 'Windows 10', os.arch: 'amd64', os.version: '10.0', java.version: '17.0.2'
Driver info: org.openqa.selenium.chrome.ChromeDriver
Capabilities {acceptInsecureCerts: false, browserName: chrome, browserVersion: 128.0.6613.120, chrome: {chromedriverVersion: 128.0.6613.84 (606aa55c7d68..., userDataDir: C:\Users\RBCF3~1.PAV\AppDat...}, fedcm:accounts: true, goog:chromeOptions: {debuggerAddress: localhost:56453}, javascriptEnabled: true, networkConnectionEnabled: false, pageLoadStrategy: normal, platform: WINDOWS, platformName: WINDOWS, proxy: Proxy(), setWindowRect: true, strictFileInteractability: false, timeouts: {implicit: 0, pageLoad: 300000, script: 30000}, unhandledPromptBehavior: dismiss and notify, webauthn:extension:credBlob: true, webauthn:extension:largeBlob: true, webauthn:extension:minPinLength: true, webauthn:extension:prf: true, webauthn:virtualAuthenticators: true}
Session ID: 92bc7385e8a7b08c83d65d847aa26bb4
at java.base/jdk.internal.reflect.NativeConstructorAccessorImpl.newInstance0(Native Method)
at java.base/jdk.internal.reflect.NativeConstructorAccessorImpl.newInstance(NativeConstructorAccessorImpl.java:77)
at java.base/jdk.internal.reflect.DelegatingConstructorAccessorImpl.newInstance(DelegatingConstructorAccessorImpl.java:45)
at java.base/java.lang.reflect.Constructor.newInstanceWithCaller(Constructor.java:499)
at java.base/java.lang.reflect.Constructor.newInstance(Constructor.java:480)
at org.openqa.selenium.remote.http.W3CHttpResponseCodec.createException(W3CHttpResponseCodec.java:187)
at org.openqa.selenium.remote.http.W3CHttpResponseCodec.decode(W3CHttpResponseCodec.java:122)
at org.openqa.selenium.remote.http.W3CHttpResponseCodec.decode(W3CHttpResponseCodec.java:49)
at org.openqa.selenium.remote.HttpCommandExecutor.execute(HttpCommandExecutor.java:158)
at org.openqa.selenium.remote.service.DriverCommandExecutor.execute(DriverCommandExecutor.java:83)
at org.openqa.selenium.remote.RemoteWebDriver.execute(RemoteWebDriver.java:552)
at org.openqa.selenium.remote.RemoteWebElement.execute(RemoteWebElement.java:285)
at org.openqa.selenium.remote.RemoteWebElement.click(RemoteWebElement.java:84)
at steps.LoginToAmazon.searchProduct(LoginToAmazon.java:39)
at ✽.Search product "Rich Dad Poor Dad : What the Rich Teach Their Kids About Money"(src\test\java\features\AddToCartInAmazon.feature:7)
]]>
    </error>
  </testcase> <!-- runScenario -->
  <testcase classname="testRunner.Runner" name="runScenario" time="78.811"/>
  <testcase classname="testRunner.Runner" name="runScenario" time="34.379">
    <error message="element click intercepted: Element &lt;div role=&quot;button&quot; aria-label=&quot;Watch now&quot; tabindex=&quot;-1&quot; title=&quot;Watch now&quot; class=&quot;adsOverlayClick--1eVwk persistent--Pt2B3&quot; data-testid=&quot;OverlayClick&quot; data-csa-c-action=&quot;ingress&quot; data-csa-c-type=&quot;action&quot; data-csa-c-channel=&quot;Sonali&#039;s Recipes&quot; data-csa-c-title=&quot;Space Saving Home Storage &amp;amp; Organizers Under ₹500&quot; data-csa-c-id=&quot;v32p0-cup7u2-mgw6x2-nqm9nb&quot;&gt;&lt;/div&gt; is not clickable at point (247, 376). Other element would receive the click: &lt;span&gt;...&lt;/span&gt;
  (Session info: chrome=128.0.6613.120)
Build info: version: &#039;3.141.59&#039;, revision: &#039;e82be7d358&#039;, time: &#039;2018-11-14T08:17:03&#039;
System info: host: &#039;BLLT-5CD112M01J&#039;, ip: &#039;192.168.16.67&#039;, os.name: &#039;Windows 10&#039;, os.arch: &#039;amd64&#039;, os.version: &#039;10.0&#039;, java.version: &#039;17.0.2&#039;
Driver info: org.openqa.selenium.chrome.ChromeDriver
Capabilities {acceptInsecureCerts: false, browserName: chrome, browserVersion: 128.0.6613.120, chrome: {chromedriverVersion: 128.0.6613.84 (606aa55c7d68..., userDataDir: C:\Users\RBCF3~1.PAV\AppDat...}, fedcm:accounts: true, goog:chromeOptions: {debuggerAddress: localhost:56288}, javascriptEnabled: true, networkConnectionEnabled: false, pageLoadStrategy: normal, platform: WINDOWS, platformName: WINDOWS, proxy: Proxy(), setWindowRect: true, strictFileInteractability: false, timeouts: {implicit: 0, pageLoad: 300000, script: 30000}, unhandledPromptBehavior: dismiss and notify, webauthn:extension:credBlob: true, webauthn:extension:largeBlob: true, webauthn:extension:minPinLength: true, webauthn:extension:prf: true, webauthn:virtualAuthenticators: true}
Session ID: dceecbe103d4307f310ec06866fa9cb7" type="org.openqa.selenium.ElementClickInterceptedException">
      <![CDATA[org.openqa.selenium.ElementClickInterceptedException: element click intercepted: Element <div role="button" aria-label="Watch now" tabindex="-1" title="Watch now" class="adsOverlayClick--1eVwk persistent--Pt2B3" data-testid="OverlayClick" data-csa-c-action="ingress" data-csa-c-type="action" data-csa-c-channel="Sonali's Recipes" data-csa-c-title="Space Saving Home Storage &amp; Organizers Under ₹500" data-csa-c-id="v32p0-cup7u2-mgw6x2-nqm9nb"></div> is not clickable at point (247, 376). Other element would receive the click: <span>...</span>
  (Session info: chrome=128.0.6613.120)
Build info: version: '3.141.59', revision: 'e82be7d358', time: '2018-11-14T08:17:03'
System info: host: 'BLLT-5CD112M01J', ip: '192.168.16.67', os.name: 'Windows 10', os.arch: 'amd64', os.version: '10.0', java.version: '17.0.2'
Driver info: org.openqa.selenium.chrome.ChromeDriver
Capabilities {acceptInsecureCerts: false, browserName: chrome, browserVersion: 128.0.6613.120, chrome: {chromedriverVersion: 128.0.6613.84 (606aa55c7d68..., userDataDir: C:\Users\RBCF3~1.PAV\AppDat...}, fedcm:accounts: true, goog:chromeOptions: {debuggerAddress: localhost:56288}, javascriptEnabled: true, networkConnectionEnabled: false, pageLoadStrategy: normal, platform: WINDOWS, platformName: WINDOWS, proxy: Proxy(), setWindowRect: true, strictFileInteractability: false, timeouts: {implicit: 0, pageLoad: 300000, script: 30000}, unhandledPromptBehavior: dismiss and notify, webauthn:extension:credBlob: true, webauthn:extension:largeBlob: true, webauthn:extension:minPinLength: true, webauthn:extension:prf: true, webauthn:virtualAuthenticators: true}
Session ID: dceecbe103d4307f310ec06866fa9cb7
at java.base/jdk.internal.reflect.NativeConstructorAccessorImpl.newInstance0(Native Method)
at java.base/jdk.internal.reflect.NativeConstructorAccessorImpl.newInstance(NativeConstructorAccessorImpl.java:77)
at java.base/jdk.internal.reflect.DelegatingConstructorAccessorImpl.newInstance(DelegatingConstructorAccessorImpl.java:45)
at java.base/java.lang.reflect.Constructor.newInstanceWithCaller(Constructor.java:499)
at java.base/java.lang.reflect.Constructor.newInstance(Constructor.java:480)
at org.openqa.selenium.remote.http.W3CHttpResponseCodec.createException(W3CHttpResponseCodec.java:187)
at org.openqa.selenium.remote.http.W3CHttpResponseCodec.decode(W3CHttpResponseCodec.java:122)
at org.openqa.selenium.remote.http.W3CHttpResponseCodec.decode(W3CHttpResponseCodec.java:49)
at org.openqa.selenium.remote.HttpCommandExecutor.execute(HttpCommandExecutor.java:158)
at org.openqa.selenium.remote.service.DriverCommandExecutor.execute(DriverCommandExecutor.java:83)
at org.openqa.selenium.remote.RemoteWebDriver.execute(RemoteWebDriver.java:552)
at org.openqa.selenium.remote.RemoteWebElement.execute(RemoteWebElement.java:285)
at org.openqa.selenium.remote.RemoteWebElement.click(RemoteWebElement.java:84)
at steps.LoginToAmazon.searchProduct(LoginToAmazon.java:39)
at ✽.Search product "Start Living Again"(src\test\java\features\AddToCartInAmazon.feature:7)
]]>
    </error>
  </testcase> <!-- runScenario -->
  <testcase classname="testRunner.Runner" name="runScenario" time="51.492"/>
</testsuite> <!-- testRunner.Runner -->
