<?xml version="1.0" encoding="UTF-8"?>
<testng-results ignored="0" total="4" passed="2" failed="2" skipped="0">
  <reporter-output>
  </reporter-output>
  <suite started-at="2024-09-10T18:57:41Z" name="Default suite" finished-at="2024-09-10T19:01:47Z" duration-ms="246115">
    <groups>
      <group name="cucumber">
        <method signature="AbstractTestNGCucumberTests.runScenario(cucumber.api.testng.PickleEventWrapper, cucumber.api.testng.CucumberFeatureWrapper)[pri:0, instance:testRunner.Runner@3bd323e9]" name="runScenario" class="cucumber.api.testng.AbstractTestNGCucumberTests"/>
      </group> <!-- cucumber -->
    </groups>
    <test started-at="2024-09-10T18:57:41Z" name="Default test" finished-at="2024-09-10T19:01:47Z" duration-ms="246115">
      <class name="testRunner.Runner">
        <test-method is-config="true" signature="setUpClass()[pri:0, instance:testRunner.Runner@3bd323e9]" started-at="2024-09-10T18:57:41Z" name="setUpClass" finished-at="2024-09-10T18:57:41Z" duration-ms="100" status="PASS">
          <reporter-output>
          </reporter-output>
        </test-method> <!-- setUpClass -->
        <test-method signature="runScenario(cucumber.api.testng.PickleEventWrapper, cucumber.api.testng.CucumberFeatureWrapper)[pri:0, instance:testRunner.Runner@3bd323e9]" started-at="2024-09-10T18:57:41Z" name="runScenario" description="Runs Cucumber Scenarios" data-provider="scenarios" finished-at="2024-09-10T18:58:16Z" duration-ms="34379" status="FAIL">
          <params>
            <param index="0">
              <value>
                <![CDATA["Add product to cart"]]>
              </value>
            </param>
            <param index="1">
              <value>
                <![CDATA["Add product to cart in amazon"]]>
              </value>
            </param>
          </params>
          <exception class="org.openqa.selenium.ElementClickInterceptedException">
            <message>
              <![CDATA[element click intercepted: Element <div role="button" aria-label="Watch now" tabindex="-1" title="Watch now" class="adsOverlayClick--1eVwk persistent--Pt2B3" data-testid="OverlayClick" data-csa-c-action="ingress" data-csa-c-type="action" data-csa-c-channel="Sonali's Recipes" data-csa-c-title="Space Saving Home Storage &amp; Organizers Under ₹500" data-csa-c-id="v32p0-cup7u2-mgw6x2-nqm9nb"></div> is not clickable at point (247, 376). Other element would receive the click: <span>...</span>
  (Session info: chrome=128.0.6613.120)
Build info: version: '3.141.59', revision: 'e82be7d358', time: '2018-11-14T08:17:03'
System info: host: 'BLLT-5CD112M01J', ip: '192.168.16.67', os.name: 'Windows 10', os.arch: 'amd64', os.version: '10.0', java.version: '17.0.2'
Driver info: org.openqa.selenium.chrome.ChromeDriver
Capabilities {acceptInsecureCerts: false, browserName: chrome, browserVersion: 128.0.6613.120, chrome: {chromedriverVersion: 128.0.6613.84 (606aa55c7d68..., userDataDir: C:\Users\RBCF3~1.PAV\AppDat...}, fedcm:accounts: true, goog:chromeOptions: {debuggerAddress: localhost:56288}, javascriptEnabled: true, networkConnectionEnabled: false, pageLoadStrategy: normal, platform: WINDOWS, platformName: WINDOWS, proxy: Proxy(), setWindowRect: true, strictFileInteractability: false, timeouts: {implicit: 0, pageLoad: 300000, script: 30000}, unhandledPromptBehavior: dismiss and notify, webauthn:extension:credBlob: true, webauthn:extension:largeBlob: true, webauthn:extension:minPinLength: true, webauthn:extension:prf: true, webauthn:virtualAuthenticators: true}
Session ID: dceecbe103d4307f310ec06866fa9cb7]]>
            </message>
            <full-stacktrace>
              <![CDATA[org.openqa.selenium.ElementClickInterceptedException: element click intercepted: Element <div role="button" aria-label="Watch now" tabindex="-1" title="Watch now" class="adsOverlayClick--1eVwk persistent--Pt2B3" data-testid="OverlayClick" data-csa-c-action="ingress" data-csa-c-type="action" data-csa-c-channel="Sonali's Recipes" data-csa-c-title="Space Saving Home Storage &amp; Organizers Under ₹500" data-csa-c-id="v32p0-cup7u2-mgw6x2-nqm9nb"></div> is not clickable at point (247, 376). Other element would receive the click: <span>...</span>
  (Session info: chrome=128.0.6613.120)
Build info: version: '3.141.59', revision: 'e82be7d358', time: '2018-11-14T08:17:03'
System info: host: 'BLLT-5CD112M01J', ip: '192.168.16.67', os.name: 'Windows 10', os.arch: 'amd64', os.version: '10.0', java.version: '17.0.2'
Driver info: org.openqa.selenium.chrome.ChromeDriver
Capabilities {acceptInsecureCerts: false, browserName: chrome, browserVersion: 128.0.6613.120, chrome: {chromedriverVersion: 128.0.6613.84 (606aa55c7d68..., userDataDir: C:\Users\RBCF3~1.PAV\AppDat...}, fedcm:accounts: true, goog:chromeOptions: {debuggerAddress: localhost:56288}, javascriptEnabled: true, networkConnectionEnabled: false, pageLoadStrategy: normal, platform: WINDOWS, platformName: WINDOWS, proxy: Proxy(), setWindowRect: true, strictFileInteractability: false, timeouts: {implicit: 0, pageLoad: 300000, script: 30000}, unhandledPromptBehavior: dismiss and notify, webauthn:extension:credBlob: true, webauthn:extension:largeBlob: true, webauthn:extension:minPinLength: true, webauthn:extension:prf: true, webauthn:virtualAuthenticators: true}
Session ID: dceecbe103d4307f310ec06866fa9cb7
at java.base/jdk.internal.reflect.NativeConstructorAccessorImpl.newInstance0(Native Method)
at java.base/jdk.internal.reflect.NativeConstructorAccessorImpl.newInstance(NativeConstructorAccessorImpl.java:77)
at java.base/jdk.internal.reflect.DelegatingConstructorAccessorImpl.newInstance(DelegatingConstructorAccessorImpl.java:45)
at java.base/java.lang.reflect.Constructor.newInstanceWithCaller(Constructor.java:499)
at java.base/java.lang.reflect.Constructor.newInstance(Constructor.java:480)
at org.openqa.selenium.remote.http.W3CHttpResponseCodec.createException(W3CHttpResponseCodec.java:187)
at org.openqa.selenium.remote.http.W3CHttpResponseCodec.decode(W3CHttpResponseCodec.java:122)
at org.openqa.selenium.remote.http.W3CHttpResponseCodec.decode(W3CHttpResponseCodec.java:49)
at org.openqa.selenium.remote.HttpCommandExecutor.execute(HttpCommandExecutor.java:158)
at org.openqa.selenium.remote.service.DriverCommandExecutor.execute(DriverCommandExecutor.java:83)
at org.openqa.selenium.remote.RemoteWebDriver.execute(RemoteWebDriver.java:552)
at org.openqa.selenium.remote.RemoteWebElement.execute(RemoteWebElement.java:285)
at org.openqa.selenium.remote.RemoteWebElement.click(RemoteWebElement.java:84)
at steps.LoginToAmazon.searchProduct(LoginToAmazon.java:39)
at ✽.Search product "Start Living Again"(src\test\java\features\AddToCartInAmazon.feature:7)
]]>
            </full-stacktrace>
          </exception> <!-- org.openqa.selenium.ElementClickInterceptedException -->
          <reporter-output>
          </reporter-output>
        </test-method> <!-- runScenario -->
        <test-method signature="runScenario(cucumber.api.testng.PickleEventWrapper, cucumber.api.testng.CucumberFeatureWrapper)[pri:0, instance:testRunner.Runner@3bd323e9]" started-at="2024-09-10T18:58:16Z" name="runScenario" description="Runs Cucumber Scenarios" data-provider="scenarios" finished-at="2024-09-10T18:59:37Z" duration-ms="81225" status="FAIL">
          <params>
            <param index="0">
              <value>
                <![CDATA["Add product to cart"]]>
              </value>
            </param>
            <param index="1">
              <value>
                <![CDATA["Add product to cart in amazon"]]>
              </value>
            </param>
          </params>
          <exception class="org.openqa.selenium.ElementClickInterceptedException">
            <message>
              <![CDATA[element click intercepted: Element <div role="button" aria-label="Watch now" tabindex="-1" title="Watch now" class="adsOverlayClick--1eVwk persistent--Pt2B3" data-testid="OverlayClick" data-csa-c-action="ingress" data-csa-c-type="action" data-csa-c-channel="Sonali's Recipes" data-csa-c-title="Space Saving Home Storage &amp; Organizers Under ₹500" data-csa-c-id="s2ylzf-b0liz0-b05zxx-cfksij"></div> is not clickable at point (247, 375). Other element would receive the click: <span>...</span>
  (Session info: chrome=128.0.6613.120)
Build info: version: '3.141.59', revision: 'e82be7d358', time: '2018-11-14T08:17:03'
System info: host: 'BLLT-5CD112M01J', ip: '192.168.16.67', os.name: 'Windows 10', os.arch: 'amd64', os.version: '10.0', java.version: '17.0.2'
Driver info: org.openqa.selenium.chrome.ChromeDriver
Capabilities {acceptInsecureCerts: false, browserName: chrome, browserVersion: 128.0.6613.120, chrome: {chromedriverVersion: 128.0.6613.84 (606aa55c7d68..., userDataDir: C:\Users\RBCF3~1.PAV\AppDat...}, fedcm:accounts: true, goog:chromeOptions: {debuggerAddress: localhost:56453}, javascriptEnabled: true, networkConnectionEnabled: false, pageLoadStrategy: normal, platform: WINDOWS, platformName: WINDOWS, proxy: Proxy(), setWindowRect: true, strictFileInteractability: false, timeouts: {implicit: 0, pageLoad: 300000, script: 30000}, unhandledPromptBehavior: dismiss and notify, webauthn:extension:credBlob: true, webauthn:extension:largeBlob: true, webauthn:extension:minPinLength: true, webauthn:extension:prf: true, webauthn:virtualAuthenticators: true}
Session ID: 92bc7385e8a7b08c83d65d847aa26bb4]]>
            </message>
            <full-stacktrace>
              <![CDATA[org.openqa.selenium.ElementClickInterceptedException: element click intercepted: Element <div role="button" aria-label="Watch now" tabindex="-1" title="Watch now" class="adsOverlayClick--1eVwk persistent--Pt2B3" data-testid="OverlayClick" data-csa-c-action="ingress" data-csa-c-type="action" data-csa-c-channel="Sonali's Recipes" data-csa-c-title="Space Saving Home Storage &amp; Organizers Under ₹500" data-csa-c-id="s2ylzf-b0liz0-b05zxx-cfksij"></div> is not clickable at point (247, 375). Other element would receive the click: <span>...</span>
  (Session info: chrome=128.0.6613.120)
Build info: version: '3.141.59', revision: 'e82be7d358', time: '2018-11-14T08:17:03'
System info: host: 'BLLT-5CD112M01J', ip: '192.168.16.67', os.name: 'Windows 10', os.arch: 'amd64', os.version: '10.0', java.version: '17.0.2'
Driver info: org.openqa.selenium.chrome.ChromeDriver
Capabilities {acceptInsecureCerts: false, browserName: chrome, browserVersion: 128.0.6613.120, chrome: {chromedriverVersion: 128.0.6613.84 (606aa55c7d68..., userDataDir: C:\Users\RBCF3~1.PAV\AppDat...}, fedcm:accounts: true, goog:chromeOptions: {debuggerAddress: localhost:56453}, javascriptEnabled: true, networkConnectionEnabled: false, pageLoadStrategy: normal, platform: WINDOWS, platformName: WINDOWS, proxy: Proxy(), setWindowRect: true, strictFileInteractability: false, timeouts: {implicit: 0, pageLoad: 300000, script: 30000}, unhandledPromptBehavior: dismiss and notify, webauthn:extension:credBlob: true, webauthn:extension:largeBlob: true, webauthn:extension:minPinLength: true, webauthn:extension:prf: true, webauthn:virtualAuthenticators: true}
Session ID: 92bc7385e8a7b08c83d65d847aa26bb4
at java.base/jdk.internal.reflect.NativeConstructorAccessorImpl.newInstance0(Native Method)
at java.base/jdk.internal.reflect.NativeConstructorAccessorImpl.newInstance(NativeConstructorAccessorImpl.java:77)
at java.base/jdk.internal.reflect.DelegatingConstructorAccessorImpl.newInstance(DelegatingConstructorAccessorImpl.java:45)
at java.base/java.lang.reflect.Constructor.newInstanceWithCaller(Constructor.java:499)
at java.base/java.lang.reflect.Constructor.newInstance(Constructor.java:480)
at org.openqa.selenium.remote.http.W3CHttpResponseCodec.createException(W3CHttpResponseCodec.java:187)
at org.openqa.selenium.remote.http.W3CHttpResponseCodec.decode(W3CHttpResponseCodec.java:122)
at org.openqa.selenium.remote.http.W3CHttpResponseCodec.decode(W3CHttpResponseCodec.java:49)
at org.openqa.selenium.remote.HttpCommandExecutor.execute(HttpCommandExecutor.java:158)
at org.openqa.selenium.remote.service.DriverCommandExecutor.execute(DriverCommandExecutor.java:83)
at org.openqa.selenium.remote.RemoteWebDriver.execute(RemoteWebDriver.java:552)
at org.openqa.selenium.remote.RemoteWebElement.execute(RemoteWebElement.java:285)
at org.openqa.selenium.remote.RemoteWebElement.click(RemoteWebElement.java:84)
at steps.LoginToAmazon.searchProduct(LoginToAmazon.java:39)
at ✽.Search product "Rich Dad Poor Dad : What the Rich Teach Their Kids About Money"(src\test\java\features\AddToCartInAmazon.feature:7)
]]>
            </full-stacktrace>
          </exception> <!-- org.openqa.selenium.ElementClickInterceptedException -->
          <reporter-output>
          </reporter-output>
        </test-method> <!-- runScenario -->
        <test-method signature="runScenario(cucumber.api.testng.PickleEventWrapper, cucumber.api.testng.CucumberFeatureWrapper)[pri:0, instance:testRunner.Runner@3bd323e9]" started-at="2024-09-10T18:59:37Z" name="runScenario" description="Runs Cucumber Scenarios" data-provider="scenarios" finished-at="2024-09-10T19:00:56Z" duration-ms="78811" status="PASS">
          <params>
            <param index="0">
              <value>
                <![CDATA["Login should be success"]]>
              </value>
            </param>
            <param index="1">
              <value>
                <![CDATA["letcode application demo"]]>
              </value>
            </param>
          </params>
          <reporter-output>
          </reporter-output>
        </test-method> <!-- runScenario -->
        <test-method signature="runScenario(cucumber.api.testng.PickleEventWrapper, cucumber.api.testng.CucumberFeatureWrapper)[pri:0, instance:testRunner.Runner@3bd323e9]" started-at="2024-09-10T19:00:56Z" name="runScenario" description="Runs Cucumber Scenarios" data-provider="scenarios" finished-at="2024-09-10T19:01:47Z" duration-ms="51492" status="PASS">
          <params>
            <param index="0">
              <value>
                <![CDATA["Login should be fail"]]>
              </value>
            </param>
            <param index="1">
              <value>
                <![CDATA["letcode application demo"]]>
              </value>
            </param>
          </params>
          <reporter-output>
          </reporter-output>
        </test-method> <!-- runScenario -->
        <test-method is-config="true" signature="tearDownClass()[pri:0, instance:testRunner.Runner@3bd323e9]" started-at="2024-09-10T19:01:47Z" name="tearDownClass" finished-at="2024-09-10T19:01:47Z" duration-ms="77" status="PASS">
          <reporter-output>
          </reporter-output>
        </test-method> <!-- tearDownClass -->
      </class> <!-- testRunner.Runner -->
    </test> <!-- Default test -->
  </suite> <!-- Default suite -->
</testng-results>
